{
  "uid" : "ffcad9bc8328f20f",
  "name" : "test_upload_new_article_from_file",
  "fullName" : "test.test_TC06_AdatsorozatFile.TestFileUpload#test_upload_new_article_from_file",
  "historyId" : "403c15492746c0c397461b17783d0580",
  "time" : {
    "start" : 1628663250119,
    "stop" : 1628663263108,
    "duration" : 12989
  },
  "status" : "broken",
  "statusMessage" : "selenium.common.exceptions.TimeoutException: Message:",
  "statusTrace" : "self = <test_TC06_AdatsorozatFile.TestFileUpload object at 0x7fd479a2ca60>\n\n    def test_upload_new_article_from_file(self):\n        conduit_login(self.driver)\n        WebDriverWait(\n            self.driver, 15).until(\n            EC.element_to_be_clickable((By.XPATH, \"//h1[normalize-space()='Recipe']\"))\n        )\n        first_article = self.driver.find_element_by_xpath(\"//h1[normalize-space()='Recipe']\")\n        first_article.click()\n        element = WebDriverWait(\n            self.driver, 10).until(\n            EC.visibility_of_element_located((By.XPATH, \"//textarea[@placeholder='Write a comment...']\"))\n            )\n        with open('data.csv', 'r', encoding=\"utf-8\") as csvfile:\n            csv_reader = (csvfile)\n            for row in csv_reader:\n                element.send_keys(row)\n                self.driver.find_element_by_xpath('//button[text()=\"Post Comment\"]').click()\n>           WebDriverWait(\n                self.driver, 10).until(\n                EC.visibility_of_element_located((By.XPATH, '//p[normalize-space()=\"Tasty,\"]'))\n            )\n\ntest/test_TC06_AdatsorozatFile.py:41: \n_ _ _ _ _ _ _ _ _ _ _ _ _ _ _ _ _ _ _ _ _ _ _ _ _ _ _ _ _ _ _ _ _ _ _ _ _ _ _ _ \n\nself = <selenium.webdriver.support.wait.WebDriverWait (session=\"32e6645ea7cac9d4f29c746429427241\")>\nmethod = <selenium.webdriver.support.expected_conditions.visibility_of_element_located object at 0x7fd479b42f10>\nmessage = ''\n\n    def until(self, method, message=''):\n        \"\"\"Calls the method provided with the driver as an argument until the \\\n        return value is not False.\"\"\"\n        screen = None\n        stacktrace = None\n    \n        end_time = time.time() + self._timeout\n        while True:\n            try:\n                value = method(self._driver)\n                if value:\n                    return value\n            except self._ignored_exceptions as exc:\n                screen = getattr(exc, 'screen', None)\n                stacktrace = getattr(exc, 'stacktrace', None)\n            time.sleep(self._poll)\n            if time.time() > end_time:\n                break\n>       raise TimeoutException(message, screen, stacktrace)\nE       selenium.common.exceptions.TimeoutException: Message:\n\n/opt/hostedtoolcache/Python/3.9.5/x64/lib/python3.9/site-packages/selenium/webdriver/support/wait.py:80: TimeoutException",
  "flaky" : false,
  "newFailed" : false,
  "beforeStages" : [ ],
  "testStage" : {
    "status" : "broken",
    "statusMessage" : "selenium.common.exceptions.TimeoutException: Message:",
    "statusTrace" : "self = <test_TC06_AdatsorozatFile.TestFileUpload object at 0x7fd479a2ca60>\n\n    def test_upload_new_article_from_file(self):\n        conduit_login(self.driver)\n        WebDriverWait(\n            self.driver, 15).until(\n            EC.element_to_be_clickable((By.XPATH, \"//h1[normalize-space()='Recipe']\"))\n        )\n        first_article = self.driver.find_element_by_xpath(\"//h1[normalize-space()='Recipe']\")\n        first_article.click()\n        element = WebDriverWait(\n            self.driver, 10).until(\n            EC.visibility_of_element_located((By.XPATH, \"//textarea[@placeholder='Write a comment...']\"))\n            )\n        with open('data.csv', 'r', encoding=\"utf-8\") as csvfile:\n            csv_reader = (csvfile)\n            for row in csv_reader:\n                element.send_keys(row)\n                self.driver.find_element_by_xpath('//button[text()=\"Post Comment\"]').click()\n>           WebDriverWait(\n                self.driver, 10).until(\n                EC.visibility_of_element_located((By.XPATH, '//p[normalize-space()=\"Tasty,\"]'))\n            )\n\ntest/test_TC06_AdatsorozatFile.py:41: \n_ _ _ _ _ _ _ _ _ _ _ _ _ _ _ _ _ _ _ _ _ _ _ _ _ _ _ _ _ _ _ _ _ _ _ _ _ _ _ _ \n\nself = <selenium.webdriver.support.wait.WebDriverWait (session=\"32e6645ea7cac9d4f29c746429427241\")>\nmethod = <selenium.webdriver.support.expected_conditions.visibility_of_element_located object at 0x7fd479b42f10>\nmessage = ''\n\n    def until(self, method, message=''):\n        \"\"\"Calls the method provided with the driver as an argument until the \\\n        return value is not False.\"\"\"\n        screen = None\n        stacktrace = None\n    \n        end_time = time.time() + self._timeout\n        while True:\n            try:\n                value = method(self._driver)\n                if value:\n                    return value\n            except self._ignored_exceptions as exc:\n                screen = getattr(exc, 'screen', None)\n                stacktrace = getattr(exc, 'stacktrace', None)\n            time.sleep(self._poll)\n            if time.time() > end_time:\n                break\n>       raise TimeoutException(message, screen, stacktrace)\nE       selenium.common.exceptions.TimeoutException: Message:\n\n/opt/hostedtoolcache/Python/3.9.5/x64/lib/python3.9/site-packages/selenium/webdriver/support/wait.py:80: TimeoutException",
    "steps" : [ ],
    "attachments" : [ {
      "uid" : "760e293aec53e92b",
      "name" : "log",
      "source" : "760e293aec53e92b.txt",
      "type" : "text/plain",
      "size" : 344
    }, {
      "uid" : "a365c7cc18ac290f",
      "name" : "stderr",
      "source" : "a365c7cc18ac290f.txt",
      "type" : "text/plain",
      "size" : 215
    } ],
    "parameters" : [ ],
    "stepsCount" : 0,
    "attachmentsCount" : 2,
    "shouldDisplayMessage" : true,
    "hasContent" : true
  },
  "afterStages" : [ ],
  "labels" : [ {
    "name" : "parentSuite",
    "value" : "test"
  }, {
    "name" : "suite",
    "value" : "test_TC06_AdatsorozatFile"
  }, {
    "name" : "subSuite",
    "value" : "TestFileUpload"
  }, {
    "name" : "host",
    "value" : "fv-az82-15"
  }, {
    "name" : "thread",
    "value" : "3916-MainThread"
  }, {
    "name" : "framework",
    "value" : "pytest"
  }, {
    "name" : "language",
    "value" : "cpython3"
  }, {
    "name" : "package",
    "value" : "test.test_TC06_AdatsorozatFile"
  }, {
    "name" : "resultFormat",
    "value" : "allure2"
  } ],
  "parameters" : [ ],
  "links" : [ ],
  "hidden" : false,
  "retry" : false,
  "extra" : {
    "severity" : "normal",
    "retries" : [ ],
    "categories" : [ {
      "name" : "Test defects",
      "matchedStatuses" : [ ],
      "flaky" : false
    } ],
    "tags" : [ ]
  },
  "source" : "ffcad9bc8328f20f.json",
  "parameterValues" : [ ]
}