{
  "uid" : "d83cef10dc6e64b1",
  "name" : "test_upload_new_article_from_file",
  "fullName" : "test.test_TC06_AdatsorozatFile.TestFileUpload#test_upload_new_article_from_file",
  "historyId" : "403c15492746c0c397461b17783d0580",
  "time" : {
    "start" : 1628669084089,
    "stop" : 1628669088366,
    "duration" : 4277
  },
  "status" : "failed",
  "statusMessage" : "AssertionError: assert 'Gratulálok,' == 'Tasty,'\n  - Tasty,\n  + Gratulálok,",
  "statusTrace" : "self = <test_TC06_AdatsorozatFile.TestFileUpload object at 0x7f5f344a1d30>\n\n    def test_upload_new_article_from_file(self):\n        conduit_login(self.driver)\n        WebDriverWait(\n            self.driver, 15).until(\n            EC.element_to_be_clickable((By.XPATH, \"//h1[normalize-space()='Alma']\"))\n        )\n        first_article = self.driver.find_element_by_xpath(\"//h1[normalize-space()='Alma']\")\n        first_article.click()\n        element = WebDriverWait(\n            self.driver, 10).until(\n            EC.visibility_of_element_located((By.XPATH, \"//textarea[@placeholder='Write a comment...']\"))\n            )\n        with open('data.csv', 'r', encoding=\"utf-8\") as csvfile:\n            csv_reader = (csvfile)\n            for row in csv_reader:\n                element.send_keys(row)\n                self.driver.find_element_by_xpath('//button[text()=\"Post Comment\"]').click()\n        WebDriverWait(\n            self.driver, 10).until(\n            EC.visibility_of_element_located((By.XPATH, '//p[normalize-space()=\"Tasty,\"]'))\n        )\n        comment = self.driver.find_elements_by_class_name(\"card-text\")\n        last_comment = comment[4].text\n        time.sleep(2)\n>       assert last_comment == \"Tasty,\"\nE       AssertionError: assert 'Gratulálok,' == 'Tasty,'\nE         - Tasty,\nE         + Gratulálok,\n\ntest/test_TC06_AdatsorozatFile.py:50: AssertionError",
  "flaky" : false,
  "newFailed" : false,
  "beforeStages" : [ ],
  "testStage" : {
    "status" : "failed",
    "statusMessage" : "AssertionError: assert 'Gratulálok,' == 'Tasty,'\n  - Tasty,\n  + Gratulálok,",
    "statusTrace" : "self = <test_TC06_AdatsorozatFile.TestFileUpload object at 0x7f5f344a1d30>\n\n    def test_upload_new_article_from_file(self):\n        conduit_login(self.driver)\n        WebDriverWait(\n            self.driver, 15).until(\n            EC.element_to_be_clickable((By.XPATH, \"//h1[normalize-space()='Alma']\"))\n        )\n        first_article = self.driver.find_element_by_xpath(\"//h1[normalize-space()='Alma']\")\n        first_article.click()\n        element = WebDriverWait(\n            self.driver, 10).until(\n            EC.visibility_of_element_located((By.XPATH, \"//textarea[@placeholder='Write a comment...']\"))\n            )\n        with open('data.csv', 'r', encoding=\"utf-8\") as csvfile:\n            csv_reader = (csvfile)\n            for row in csv_reader:\n                element.send_keys(row)\n                self.driver.find_element_by_xpath('//button[text()=\"Post Comment\"]').click()\n        WebDriverWait(\n            self.driver, 10).until(\n            EC.visibility_of_element_located((By.XPATH, '//p[normalize-space()=\"Tasty,\"]'))\n        )\n        comment = self.driver.find_elements_by_class_name(\"card-text\")\n        last_comment = comment[4].text\n        time.sleep(2)\n>       assert last_comment == \"Tasty,\"\nE       AssertionError: assert 'Gratulálok,' == 'Tasty,'\nE         - Tasty,\nE         + Gratulálok,\n\ntest/test_TC06_AdatsorozatFile.py:50: AssertionError",
    "steps" : [ ],
    "attachments" : [ {
      "uid" : "e2d4dae0db845007",
      "name" : "log",
      "source" : "e2d4dae0db845007.txt",
      "type" : "text/plain",
      "size" : 344
    }, {
      "uid" : "1159fcccf152b001",
      "name" : "stderr",
      "source" : "1159fcccf152b001.txt",
      "type" : "text/plain",
      "size" : 215
    } ],
    "parameters" : [ ],
    "stepsCount" : 0,
    "attachmentsCount" : 2,
    "shouldDisplayMessage" : true,
    "hasContent" : true
  },
  "afterStages" : [ ],
  "labels" : [ {
    "name" : "parentSuite",
    "value" : "test"
  }, {
    "name" : "suite",
    "value" : "test_TC06_AdatsorozatFile"
  }, {
    "name" : "subSuite",
    "value" : "TestFileUpload"
  }, {
    "name" : "host",
    "value" : "fv-az39-671"
  }, {
    "name" : "thread",
    "value" : "3891-MainThread"
  }, {
    "name" : "framework",
    "value" : "pytest"
  }, {
    "name" : "language",
    "value" : "cpython3"
  }, {
    "name" : "package",
    "value" : "test.test_TC06_AdatsorozatFile"
  }, {
    "name" : "resultFormat",
    "value" : "allure2"
  } ],
  "parameters" : [ ],
  "links" : [ ],
  "hidden" : false,
  "retry" : false,
  "extra" : {
    "severity" : "normal",
    "retries" : [ ],
    "categories" : [ {
      "name" : "Product defects",
      "matchedStatuses" : [ ],
      "flaky" : false
    } ],
    "tags" : [ ]
  },
  "source" : "d83cef10dc6e64b1.json",
  "parameterValues" : [ ]
}