{
  "uid" : "9985f780b4b4d35e",
  "name" : "test_navigate_to_login",
  "fullName" : "test.test_TC03_Login.TestLoginConduit#test_navigate_to_login",
  "historyId" : "42be95c4b70a1066564d1806a9852bec",
  "time" : {
    "start" : 1628345464339,
    "stop" : 1628345479872,
    "duration" : 15533
  },
  "status" : "broken",
  "statusMessage" : "selenium.common.exceptions.TimeoutException: Message:",
  "statusTrace" : "self = <test_TC03_Login.TestLoginConduit object at 0x7ff77ad4edc0>\n\n    def test_navigate_to_login(self):\n        self.driver.find_element_by_xpath('//a[contains(text(),\"Sign in\")]').click()\n        self.driver.find_element_by_xpath('//input[@placeholder=\"Email\"]').send_keys(\"Aniko1@gmail.com\")\n        self.driver.find_element_by_xpath('//input[@placeholder=\"Password\"]').send_keys(\"Tananiko-1\")\n    \n>       element = WebDriverWait(\n            self.driver, 15).until(\n            EC.visibility_of_element_located((By.XPATH, \"/html/body/div[2]/div/div[4]/div/button\"))).click()\n\ntest/test_TC03_Login.py:33: \n_ _ _ _ _ _ _ _ _ _ _ _ _ _ _ _ _ _ _ _ _ _ _ _ _ _ _ _ _ _ _ _ _ _ _ _ _ _ _ _ \n\nself = <selenium.webdriver.support.wait.WebDriverWait (session=\"fe631c3cfc31cf2e3a167f888c6ec9f7\")>\nmethod = <selenium.webdriver.support.expected_conditions.visibility_of_element_located object at 0x7ff77ae08760>\nmessage = ''\n\n    def until(self, method, message=''):\n        \"\"\"Calls the method provided with the driver as an argument until the \\\n        return value is not False.\"\"\"\n        screen = None\n        stacktrace = None\n    \n        end_time = time.time() + self._timeout\n        while True:\n            try:\n                value = method(self._driver)\n                if value:\n                    return value\n            except self._ignored_exceptions as exc:\n                screen = getattr(exc, 'screen', None)\n                stacktrace = getattr(exc, 'stacktrace', None)\n            time.sleep(self._poll)\n            if time.time() > end_time:\n                break\n>       raise TimeoutException(message, screen, stacktrace)\nE       selenium.common.exceptions.TimeoutException: Message:\n\n/opt/hostedtoolcache/Python/3.9.5/x64/lib/python3.9/site-packages/selenium/webdriver/support/wait.py:80: TimeoutException",
  "flaky" : false,
  "newFailed" : false,
  "beforeStages" : [ ],
  "testStage" : {
    "status" : "broken",
    "statusMessage" : "selenium.common.exceptions.TimeoutException: Message:",
    "statusTrace" : "self = <test_TC03_Login.TestLoginConduit object at 0x7ff77ad4edc0>\n\n    def test_navigate_to_login(self):\n        self.driver.find_element_by_xpath('//a[contains(text(),\"Sign in\")]').click()\n        self.driver.find_element_by_xpath('//input[@placeholder=\"Email\"]').send_keys(\"Aniko1@gmail.com\")\n        self.driver.find_element_by_xpath('//input[@placeholder=\"Password\"]').send_keys(\"Tananiko-1\")\n    \n>       element = WebDriverWait(\n            self.driver, 15).until(\n            EC.visibility_of_element_located((By.XPATH, \"/html/body/div[2]/div/div[4]/div/button\"))).click()\n\ntest/test_TC03_Login.py:33: \n_ _ _ _ _ _ _ _ _ _ _ _ _ _ _ _ _ _ _ _ _ _ _ _ _ _ _ _ _ _ _ _ _ _ _ _ _ _ _ _ \n\nself = <selenium.webdriver.support.wait.WebDriverWait (session=\"fe631c3cfc31cf2e3a167f888c6ec9f7\")>\nmethod = <selenium.webdriver.support.expected_conditions.visibility_of_element_located object at 0x7ff77ae08760>\nmessage = ''\n\n    def until(self, method, message=''):\n        \"\"\"Calls the method provided with the driver as an argument until the \\\n        return value is not False.\"\"\"\n        screen = None\n        stacktrace = None\n    \n        end_time = time.time() + self._timeout\n        while True:\n            try:\n                value = method(self._driver)\n                if value:\n                    return value\n            except self._ignored_exceptions as exc:\n                screen = getattr(exc, 'screen', None)\n                stacktrace = getattr(exc, 'stacktrace', None)\n            time.sleep(self._poll)\n            if time.time() > end_time:\n                break\n>       raise TimeoutException(message, screen, stacktrace)\nE       selenium.common.exceptions.TimeoutException: Message:\n\n/opt/hostedtoolcache/Python/3.9.5/x64/lib/python3.9/site-packages/selenium/webdriver/support/wait.py:80: TimeoutException",
    "steps" : [ ],
    "attachments" : [ {
      "uid" : "477a4ff5bf5797ad",
      "name" : "log",
      "source" : "477a4ff5bf5797ad.txt",
      "type" : "text/plain",
      "size" : 344
    }, {
      "uid" : "6c60dea0b4742637",
      "name" : "stderr",
      "source" : "6c60dea0b4742637.txt",
      "type" : "text/plain",
      "size" : 215
    } ],
    "parameters" : [ ],
    "shouldDisplayMessage" : true,
    "hasContent" : true,
    "stepsCount" : 0,
    "attachmentsCount" : 2
  },
  "afterStages" : [ ],
  "labels" : [ {
    "name" : "parentSuite",
    "value" : "test"
  }, {
    "name" : "suite",
    "value" : "test_TC03_Login"
  }, {
    "name" : "subSuite",
    "value" : "TestLoginConduit"
  }, {
    "name" : "host",
    "value" : "fv-az47-991"
  }, {
    "name" : "thread",
    "value" : "3800-MainThread"
  }, {
    "name" : "framework",
    "value" : "pytest"
  }, {
    "name" : "language",
    "value" : "cpython3"
  }, {
    "name" : "package",
    "value" : "test.test_TC03_Login"
  }, {
    "name" : "resultFormat",
    "value" : "allure2"
  } ],
  "parameters" : [ ],
  "links" : [ ],
  "hidden" : false,
  "retry" : false,
  "extra" : {
    "severity" : "normal",
    "retries" : [ ],
    "categories" : [ {
      "name" : "Test defects",
      "matchedStatuses" : [ ],
      "flaky" : false
    } ],
    "tags" : [ ]
  },
  "source" : "9985f780b4b4d35e.json",
  "parameterValues" : [ ]
}