{
  "uid" : "c916d1d37c3328aa",
  "name" : "test_registration",
  "fullName" : "test.test_TC02_Regisztracio.TestRegistrationConduit#test_registration",
  "historyId" : "bb6b4ffb1236d9fc1c2dd35ceb784dcc",
  "time" : {
    "start" : 1628345441648,
    "stop" : 1628345458421,
    "duration" : 16773
  },
  "status" : "broken",
  "statusMessage" : "selenium.common.exceptions.TimeoutException: Message:",
  "statusTrace" : "self = <test_TC02_Regisztracio.TestRegistrationConduit object at 0x7ff77ae6f940>\n\n    def test_registration(self):\n    \n        self.driver.find_element_by_xpath('/html/body//a[contains(@href,\"register\")]').click()\n        self.driver.find_element_by_xpath('//input[@placeholder=\"Username\"]').send_keys(\"A1\")\n        self.driver.find_element_by_xpath('//input[@placeholder=\"Email\"]').send_keys(\"Aniko1@gmail.com\")\n        self.driver.find_element_by_xpath('//input[@placeholder=\"Password\"]').send_keys(\"Tananiko-1\")\n        self.driver.find_element_by_xpath('//button[normalize-space()=\"Sign up\"]').click()\n    \n        element = WebDriverWait(\n            self.driver, 15).until(\n            EC.visibility_of_element_located((By.XPATH, \"//button[normalize-space()='OK']\"))\n        )\n    \n    \n        self.driver.find_element_by_css_selector('.swal-title').text == \"Welcome!\"\n        self.driver.find_element_by_css_selector('.swal-button.swal-button--confirm').click()\n        self.driver.find_elements_by_css_selector('li.nav-item')\n    \n>       element = WebDriverWait(\n            self.driver, 15).until(\n            EC.visibility_of_element_located((By.XPATH, \"//a[normalize-space()='A1']\"))\n        )\n\ntest/test_TC02_Regisztracio.py:48: \n_ _ _ _ _ _ _ _ _ _ _ _ _ _ _ _ _ _ _ _ _ _ _ _ _ _ _ _ _ _ _ _ _ _ _ _ _ _ _ _ \n\nself = <selenium.webdriver.support.wait.WebDriverWait (session=\"232b8647197b8d8bccb3c5cd3a95594a\")>\nmethod = <selenium.webdriver.support.expected_conditions.visibility_of_element_located object at 0x7ff77ae08190>\nmessage = ''\n\n    def until(self, method, message=''):\n        \"\"\"Calls the method provided with the driver as an argument until the \\\n        return value is not False.\"\"\"\n        screen = None\n        stacktrace = None\n    \n        end_time = time.time() + self._timeout\n        while True:\n            try:\n                value = method(self._driver)\n                if value:\n                    return value\n            except self._ignored_exceptions as exc:\n                screen = getattr(exc, 'screen', None)\n                stacktrace = getattr(exc, 'stacktrace', None)\n            time.sleep(self._poll)\n            if time.time() > end_time:\n                break\n>       raise TimeoutException(message, screen, stacktrace)\nE       selenium.common.exceptions.TimeoutException: Message:\n\n/opt/hostedtoolcache/Python/3.9.5/x64/lib/python3.9/site-packages/selenium/webdriver/support/wait.py:80: TimeoutException",
  "flaky" : false,
  "newFailed" : false,
  "beforeStages" : [ ],
  "testStage" : {
    "status" : "broken",
    "statusMessage" : "selenium.common.exceptions.TimeoutException: Message:",
    "statusTrace" : "self = <test_TC02_Regisztracio.TestRegistrationConduit object at 0x7ff77ae6f940>\n\n    def test_registration(self):\n    \n        self.driver.find_element_by_xpath('/html/body//a[contains(@href,\"register\")]').click()\n        self.driver.find_element_by_xpath('//input[@placeholder=\"Username\"]').send_keys(\"A1\")\n        self.driver.find_element_by_xpath('//input[@placeholder=\"Email\"]').send_keys(\"Aniko1@gmail.com\")\n        self.driver.find_element_by_xpath('//input[@placeholder=\"Password\"]').send_keys(\"Tananiko-1\")\n        self.driver.find_element_by_xpath('//button[normalize-space()=\"Sign up\"]').click()\n    \n        element = WebDriverWait(\n            self.driver, 15).until(\n            EC.visibility_of_element_located((By.XPATH, \"//button[normalize-space()='OK']\"))\n        )\n    \n    \n        self.driver.find_element_by_css_selector('.swal-title').text == \"Welcome!\"\n        self.driver.find_element_by_css_selector('.swal-button.swal-button--confirm').click()\n        self.driver.find_elements_by_css_selector('li.nav-item')\n    \n>       element = WebDriverWait(\n            self.driver, 15).until(\n            EC.visibility_of_element_located((By.XPATH, \"//a[normalize-space()='A1']\"))\n        )\n\ntest/test_TC02_Regisztracio.py:48: \n_ _ _ _ _ _ _ _ _ _ _ _ _ _ _ _ _ _ _ _ _ _ _ _ _ _ _ _ _ _ _ _ _ _ _ _ _ _ _ _ \n\nself = <selenium.webdriver.support.wait.WebDriverWait (session=\"232b8647197b8d8bccb3c5cd3a95594a\")>\nmethod = <selenium.webdriver.support.expected_conditions.visibility_of_element_located object at 0x7ff77ae08190>\nmessage = ''\n\n    def until(self, method, message=''):\n        \"\"\"Calls the method provided with the driver as an argument until the \\\n        return value is not False.\"\"\"\n        screen = None\n        stacktrace = None\n    \n        end_time = time.time() + self._timeout\n        while True:\n            try:\n                value = method(self._driver)\n                if value:\n                    return value\n            except self._ignored_exceptions as exc:\n                screen = getattr(exc, 'screen', None)\n                stacktrace = getattr(exc, 'stacktrace', None)\n            time.sleep(self._poll)\n            if time.time() > end_time:\n                break\n>       raise TimeoutException(message, screen, stacktrace)\nE       selenium.common.exceptions.TimeoutException: Message:\n\n/opt/hostedtoolcache/Python/3.9.5/x64/lib/python3.9/site-packages/selenium/webdriver/support/wait.py:80: TimeoutException",
    "steps" : [ ],
    "attachments" : [ {
      "uid" : "3fbb0a9899af48eb",
      "name" : "log",
      "source" : "3fbb0a9899af48eb.txt",
      "type" : "text/plain",
      "size" : 344
    }, {
      "uid" : "55c40c92fe0cf5f6",
      "name" : "stderr",
      "source" : "55c40c92fe0cf5f6.txt",
      "type" : "text/plain",
      "size" : 215
    } ],
    "parameters" : [ ],
    "shouldDisplayMessage" : true,
    "hasContent" : true,
    "stepsCount" : 0,
    "attachmentsCount" : 2
  },
  "afterStages" : [ ],
  "labels" : [ {
    "name" : "parentSuite",
    "value" : "test"
  }, {
    "name" : "suite",
    "value" : "test_TC02_Regisztracio"
  }, {
    "name" : "subSuite",
    "value" : "TestRegistrationConduit"
  }, {
    "name" : "host",
    "value" : "fv-az47-991"
  }, {
    "name" : "thread",
    "value" : "3800-MainThread"
  }, {
    "name" : "framework",
    "value" : "pytest"
  }, {
    "name" : "language",
    "value" : "cpython3"
  }, {
    "name" : "package",
    "value" : "test.test_TC02_Regisztracio"
  }, {
    "name" : "resultFormat",
    "value" : "allure2"
  } ],
  "parameters" : [ ],
  "links" : [ ],
  "hidden" : false,
  "retry" : false,
  "extra" : {
    "severity" : "normal",
    "retries" : [ ],
    "categories" : [ {
      "name" : "Test defects",
      "matchedStatuses" : [ ],
      "flaky" : false
    } ],
    "tags" : [ ]
  },
  "source" : "c916d1d37c3328aa.json",
  "parameterValues" : [ ]
}