{
  "uid" : "565ca4dad341dc39",
  "name" : "test_create_new_article",
  "fullName" : "test.test_TC09_SajatCikkTorles.TestDeleteBlogPost#test_create_new_article",
  "historyId" : "e6fa1617fa308d8504f72e22cbaf291a",
  "time" : {
    "start" : 1628439339858,
    "stop" : 1628439390108,
    "duration" : 50250
  },
  "status" : "broken",
  "statusMessage" : "selenium.common.exceptions.TimeoutException: Message:",
  "statusTrace" : "self = <test_TC09_SajatCikkTorles.TestDeleteBlogPost object at 0x7fc0519deb80>\n\n    def test_create_new_article(self):\n    \n        self.rand_string = 'Recipe'.join(random.choices(string.ascii_uppercase + string.digits, k=15))\n        self.driver.find_element_by_xpath(\"//a[@class='nav-link router-link-exact-active active']\").click()\n>       WebDriverWait(\n            self.driver, 50).until(\n            EC.visibility_of_element_located((By.XPATH, '//input[@placeholder=\"Article Title\"]'))\n        )\n\ntest/test_TC09_SajatCikkTorles.py:45: \n_ _ _ _ _ _ _ _ _ _ _ _ _ _ _ _ _ _ _ _ _ _ _ _ _ _ _ _ _ _ _ _ _ _ _ _ _ _ _ _ \n\nself = <selenium.webdriver.support.wait.WebDriverWait (session=\"407567c5d61ab5e4392d5dd59fac48e0\")>\nmethod = <selenium.webdriver.support.expected_conditions.visibility_of_element_located object at 0x7fc0519a48e0>\nmessage = ''\n\n    def until(self, method, message=''):\n        \"\"\"Calls the method provided with the driver as an argument until the \\\n        return value is not False.\"\"\"\n        screen = None\n        stacktrace = None\n    \n        end_time = time.time() + self._timeout\n        while True:\n            try:\n                value = method(self._driver)\n                if value:\n                    return value\n            except self._ignored_exceptions as exc:\n                screen = getattr(exc, 'screen', None)\n                stacktrace = getattr(exc, 'stacktrace', None)\n            time.sleep(self._poll)\n            if time.time() > end_time:\n                break\n>       raise TimeoutException(message, screen, stacktrace)\nE       selenium.common.exceptions.TimeoutException: Message:\n\n/opt/hostedtoolcache/Python/3.9.5/x64/lib/python3.9/site-packages/selenium/webdriver/support/wait.py:80: TimeoutException",
  "flaky" : false,
  "newFailed" : false,
  "beforeStages" : [ ],
  "testStage" : {
    "status" : "broken",
    "statusMessage" : "selenium.common.exceptions.TimeoutException: Message:",
    "statusTrace" : "self = <test_TC09_SajatCikkTorles.TestDeleteBlogPost object at 0x7fc0519deb80>\n\n    def test_create_new_article(self):\n    \n        self.rand_string = 'Recipe'.join(random.choices(string.ascii_uppercase + string.digits, k=15))\n        self.driver.find_element_by_xpath(\"//a[@class='nav-link router-link-exact-active active']\").click()\n>       WebDriverWait(\n            self.driver, 50).until(\n            EC.visibility_of_element_located((By.XPATH, '//input[@placeholder=\"Article Title\"]'))\n        )\n\ntest/test_TC09_SajatCikkTorles.py:45: \n_ _ _ _ _ _ _ _ _ _ _ _ _ _ _ _ _ _ _ _ _ _ _ _ _ _ _ _ _ _ _ _ _ _ _ _ _ _ _ _ \n\nself = <selenium.webdriver.support.wait.WebDriverWait (session=\"407567c5d61ab5e4392d5dd59fac48e0\")>\nmethod = <selenium.webdriver.support.expected_conditions.visibility_of_element_located object at 0x7fc0519a48e0>\nmessage = ''\n\n    def until(self, method, message=''):\n        \"\"\"Calls the method provided with the driver as an argument until the \\\n        return value is not False.\"\"\"\n        screen = None\n        stacktrace = None\n    \n        end_time = time.time() + self._timeout\n        while True:\n            try:\n                value = method(self._driver)\n                if value:\n                    return value\n            except self._ignored_exceptions as exc:\n                screen = getattr(exc, 'screen', None)\n                stacktrace = getattr(exc, 'stacktrace', None)\n            time.sleep(self._poll)\n            if time.time() > end_time:\n                break\n>       raise TimeoutException(message, screen, stacktrace)\nE       selenium.common.exceptions.TimeoutException: Message:\n\n/opt/hostedtoolcache/Python/3.9.5/x64/lib/python3.9/site-packages/selenium/webdriver/support/wait.py:80: TimeoutException",
    "steps" : [ ],
    "attachments" : [ {
      "uid" : "15e18108f3bb75ea",
      "name" : "log",
      "source" : "15e18108f3bb75ea.txt",
      "type" : "text/plain",
      "size" : 344
    }, {
      "uid" : "c61f153d7bb60733",
      "name" : "stderr",
      "source" : "c61f153d7bb60733.txt",
      "type" : "text/plain",
      "size" : 215
    } ],
    "parameters" : [ ],
    "stepsCount" : 0,
    "attachmentsCount" : 2,
    "shouldDisplayMessage" : true,
    "hasContent" : true
  },
  "afterStages" : [ ],
  "labels" : [ {
    "name" : "parentSuite",
    "value" : "test"
  }, {
    "name" : "suite",
    "value" : "test_TC09_SajatCikkTorles"
  }, {
    "name" : "subSuite",
    "value" : "TestDeleteBlogPost"
  }, {
    "name" : "host",
    "value" : "fv-az47-991"
  }, {
    "name" : "thread",
    "value" : "3695-MainThread"
  }, {
    "name" : "framework",
    "value" : "pytest"
  }, {
    "name" : "language",
    "value" : "cpython3"
  }, {
    "name" : "package",
    "value" : "test.test_TC09_SajatCikkTorles"
  }, {
    "name" : "resultFormat",
    "value" : "allure2"
  } ],
  "parameters" : [ ],
  "links" : [ ],
  "hidden" : false,
  "retry" : false,
  "extra" : {
    "severity" : "normal",
    "retries" : [ ],
    "categories" : [ {
      "name" : "Test defects",
      "matchedStatuses" : [ ],
      "flaky" : false
    } ],
    "tags" : [ ]
  },
  "source" : "565ca4dad341dc39.json",
  "parameterValues" : [ ]
}