{
  "uid" : "4a65eeb7263685e4",
  "name" : "test_delete_own_article",
  "fullName" : "test.test_TC09_SajatCikkTorles.TestDeleteBlogPost#test_delete_own_article",
  "historyId" : "cbbb51b42ba52be90ce5373155ba80b9",
  "time" : {
    "start" : 1628662185232,
    "stop" : 1628662235290,
    "duration" : 50058
  },
  "status" : "broken",
  "statusMessage" : "selenium.common.exceptions.TimeoutException: Message:",
  "statusTrace" : "self = <test_TC09_SajatCikkTorles.TestDeleteBlogPost object at 0x7f70765cb3d0>\n\n    def test_delete_own_article(self):\n>       WebDriverWait(\n            self.driver, 50).until(\n            EC.visibility_of_element_located((By.XPATH, \"//button[@class='btn btn-outline-danger btn-sm']//span[1]\"))\n        )\n\ntest/test_TC09_SajatCikkTorles.py:78: \n_ _ _ _ _ _ _ _ _ _ _ _ _ _ _ _ _ _ _ _ _ _ _ _ _ _ _ _ _ _ _ _ _ _ _ _ _ _ _ _ \n\nself = <selenium.webdriver.support.wait.WebDriverWait (session=\"e8ec8481cdcba5c323cef2fa261b3d58\")>\nmethod = <selenium.webdriver.support.expected_conditions.visibility_of_element_located object at 0x7f707679c580>\nmessage = ''\n\n    def until(self, method, message=''):\n        \"\"\"Calls the method provided with the driver as an argument until the \\\n        return value is not False.\"\"\"\n        screen = None\n        stacktrace = None\n    \n        end_time = time.time() + self._timeout\n        while True:\n            try:\n                value = method(self._driver)\n                if value:\n                    return value\n            except self._ignored_exceptions as exc:\n                screen = getattr(exc, 'screen', None)\n                stacktrace = getattr(exc, 'stacktrace', None)\n            time.sleep(self._poll)\n            if time.time() > end_time:\n                break\n>       raise TimeoutException(message, screen, stacktrace)\nE       selenium.common.exceptions.TimeoutException: Message:\n\n/opt/hostedtoolcache/Python/3.9.5/x64/lib/python3.9/site-packages/selenium/webdriver/support/wait.py:80: TimeoutException",
  "flaky" : false,
  "newFailed" : false,
  "beforeStages" : [ ],
  "testStage" : {
    "status" : "broken",
    "statusMessage" : "selenium.common.exceptions.TimeoutException: Message:",
    "statusTrace" : "self = <test_TC09_SajatCikkTorles.TestDeleteBlogPost object at 0x7f70765cb3d0>\n\n    def test_delete_own_article(self):\n>       WebDriverWait(\n            self.driver, 50).until(\n            EC.visibility_of_element_located((By.XPATH, \"//button[@class='btn btn-outline-danger btn-sm']//span[1]\"))\n        )\n\ntest/test_TC09_SajatCikkTorles.py:78: \n_ _ _ _ _ _ _ _ _ _ _ _ _ _ _ _ _ _ _ _ _ _ _ _ _ _ _ _ _ _ _ _ _ _ _ _ _ _ _ _ \n\nself = <selenium.webdriver.support.wait.WebDriverWait (session=\"e8ec8481cdcba5c323cef2fa261b3d58\")>\nmethod = <selenium.webdriver.support.expected_conditions.visibility_of_element_located object at 0x7f707679c580>\nmessage = ''\n\n    def until(self, method, message=''):\n        \"\"\"Calls the method provided with the driver as an argument until the \\\n        return value is not False.\"\"\"\n        screen = None\n        stacktrace = None\n    \n        end_time = time.time() + self._timeout\n        while True:\n            try:\n                value = method(self._driver)\n                if value:\n                    return value\n            except self._ignored_exceptions as exc:\n                screen = getattr(exc, 'screen', None)\n                stacktrace = getattr(exc, 'stacktrace', None)\n            time.sleep(self._poll)\n            if time.time() > end_time:\n                break\n>       raise TimeoutException(message, screen, stacktrace)\nE       selenium.common.exceptions.TimeoutException: Message:\n\n/opt/hostedtoolcache/Python/3.9.5/x64/lib/python3.9/site-packages/selenium/webdriver/support/wait.py:80: TimeoutException",
    "steps" : [ ],
    "attachments" : [ {
      "uid" : "c494f65d6d6a095c",
      "name" : "log",
      "source" : "c494f65d6d6a095c.txt",
      "type" : "text/plain",
      "size" : 344
    }, {
      "uid" : "3b59d462e6eb0ee8",
      "name" : "stderr",
      "source" : "3b59d462e6eb0ee8.txt",
      "type" : "text/plain",
      "size" : 215
    } ],
    "parameters" : [ ],
    "stepsCount" : 0,
    "attachmentsCount" : 2,
    "shouldDisplayMessage" : true,
    "hasContent" : true
  },
  "afterStages" : [ ],
  "labels" : [ {
    "name" : "parentSuite",
    "value" : "test"
  }, {
    "name" : "suite",
    "value" : "test_TC09_SajatCikkTorles"
  }, {
    "name" : "subSuite",
    "value" : "TestDeleteBlogPost"
  }, {
    "name" : "host",
    "value" : "fv-az47-289"
  }, {
    "name" : "thread",
    "value" : "3776-MainThread"
  }, {
    "name" : "framework",
    "value" : "pytest"
  }, {
    "name" : "language",
    "value" : "cpython3"
  }, {
    "name" : "package",
    "value" : "test.test_TC09_SajatCikkTorles"
  }, {
    "name" : "resultFormat",
    "value" : "allure2"
  } ],
  "parameters" : [ ],
  "links" : [ ],
  "hidden" : false,
  "retry" : false,
  "extra" : {
    "severity" : "normal",
    "retries" : [ ],
    "categories" : [ {
      "name" : "Test defects",
      "matchedStatuses" : [ ],
      "flaky" : false
    } ],
    "tags" : [ ]
  },
  "source" : "4a65eeb7263685e4.json",
  "parameterValues" : [ ]
}