{
  "uid" : "3a646cb32f8406a4",
  "name" : "test_upload_new_comment_from_file",
  "fullName" : "test.test_TC06_AdatsorozatFile.TestFileUpload#test_upload_new_comment_from_file",
  "historyId" : "021527b51ab154ede454b253186745da",
  "time" : {
    "start" : 1628700895551,
    "stop" : 1628700928855,
    "duration" : 33304
  },
  "status" : "broken",
  "statusMessage" : "selenium.common.exceptions.TimeoutException: Message:",
  "statusTrace" : "self = <test_TC06_AdatsorozatFile.TestFileUpload object at 0x7f045a3c2370>\n\n    def test_upload_new_comment_from_file(self):\n        conduit_login(self.driver)\n        WebDriverWait(\n            self.driver, 15).until(\n            EC.element_to_be_clickable((By.XPATH, \"//h1[normalize-space()='Alma']\"))\n        )\n        first_article = self.driver.find_element_by_xpath(\"//h1[normalize-space()='Alma']\")\n        first_article.click()\n        element = WebDriverWait(\n            self.driver, 10).until(\n            EC.visibility_of_element_located((By.XPATH, \"//textarea[@placeholder='Write a comment...']\"))\n            )\n    \n        with open('data.csv', 'r') as csvfile:\n            csv_reader = csv.reader(csvfile)\n            next(csv_reader)\n            for row in csv_reader:\n                element.send_keys(row[0])\n                self.driver.find_element_by_xpath(\"//textarea[@placeholder='Write a comment...']\")\n                self.driver.find_element_by_xpath('//button[text()=\"Post Comment\"]').click()\n    \n>       WebDriverWait(\n            self.driver, 30).until(\n            EC.visibility_of_element_located((By.XPATH, '//p[@class=\"apple\"]'))\n        )\n\ntest/test_TC06_AdatsorozatFile.py:46: \n_ _ _ _ _ _ _ _ _ _ _ _ _ _ _ _ _ _ _ _ _ _ _ _ _ _ _ _ _ _ _ _ _ _ _ _ _ _ _ _ \n\nself = <selenium.webdriver.support.wait.WebDriverWait (session=\"aed9d19ad2c9d285d70c42d4c29d984e\")>\nmethod = <selenium.webdriver.support.expected_conditions.visibility_of_element_located object at 0x7f045a42a2b0>\nmessage = ''\n\n    def until(self, method, message=''):\n        \"\"\"Calls the method provided with the driver as an argument until the \\\n        return value is not False.\"\"\"\n        screen = None\n        stacktrace = None\n    \n        end_time = time.time() + self._timeout\n        while True:\n            try:\n                value = method(self._driver)\n                if value:\n                    return value\n            except self._ignored_exceptions as exc:\n                screen = getattr(exc, 'screen', None)\n                stacktrace = getattr(exc, 'stacktrace', None)\n            time.sleep(self._poll)\n            if time.time() > end_time:\n                break\n>       raise TimeoutException(message, screen, stacktrace)\nE       selenium.common.exceptions.TimeoutException: Message:\n\n/opt/hostedtoolcache/Python/3.9.5/x64/lib/python3.9/site-packages/selenium/webdriver/support/wait.py:80: TimeoutException",
  "flaky" : false,
  "newFailed" : false,
  "beforeStages" : [ ],
  "testStage" : {
    "status" : "broken",
    "statusMessage" : "selenium.common.exceptions.TimeoutException: Message:",
    "statusTrace" : "self = <test_TC06_AdatsorozatFile.TestFileUpload object at 0x7f045a3c2370>\n\n    def test_upload_new_comment_from_file(self):\n        conduit_login(self.driver)\n        WebDriverWait(\n            self.driver, 15).until(\n            EC.element_to_be_clickable((By.XPATH, \"//h1[normalize-space()='Alma']\"))\n        )\n        first_article = self.driver.find_element_by_xpath(\"//h1[normalize-space()='Alma']\")\n        first_article.click()\n        element = WebDriverWait(\n            self.driver, 10).until(\n            EC.visibility_of_element_located((By.XPATH, \"//textarea[@placeholder='Write a comment...']\"))\n            )\n    \n        with open('data.csv', 'r') as csvfile:\n            csv_reader = csv.reader(csvfile)\n            next(csv_reader)\n            for row in csv_reader:\n                element.send_keys(row[0])\n                self.driver.find_element_by_xpath(\"//textarea[@placeholder='Write a comment...']\")\n                self.driver.find_element_by_xpath('//button[text()=\"Post Comment\"]').click()\n    \n>       WebDriverWait(\n            self.driver, 30).until(\n            EC.visibility_of_element_located((By.XPATH, '//p[@class=\"apple\"]'))\n        )\n\ntest/test_TC06_AdatsorozatFile.py:46: \n_ _ _ _ _ _ _ _ _ _ _ _ _ _ _ _ _ _ _ _ _ _ _ _ _ _ _ _ _ _ _ _ _ _ _ _ _ _ _ _ \n\nself = <selenium.webdriver.support.wait.WebDriverWait (session=\"aed9d19ad2c9d285d70c42d4c29d984e\")>\nmethod = <selenium.webdriver.support.expected_conditions.visibility_of_element_located object at 0x7f045a42a2b0>\nmessage = ''\n\n    def until(self, method, message=''):\n        \"\"\"Calls the method provided with the driver as an argument until the \\\n        return value is not False.\"\"\"\n        screen = None\n        stacktrace = None\n    \n        end_time = time.time() + self._timeout\n        while True:\n            try:\n                value = method(self._driver)\n                if value:\n                    return value\n            except self._ignored_exceptions as exc:\n                screen = getattr(exc, 'screen', None)\n                stacktrace = getattr(exc, 'stacktrace', None)\n            time.sleep(self._poll)\n            if time.time() > end_time:\n                break\n>       raise TimeoutException(message, screen, stacktrace)\nE       selenium.common.exceptions.TimeoutException: Message:\n\n/opt/hostedtoolcache/Python/3.9.5/x64/lib/python3.9/site-packages/selenium/webdriver/support/wait.py:80: TimeoutException",
    "steps" : [ ],
    "attachments" : [ {
      "uid" : "743bcd19709b777e",
      "name" : "log",
      "source" : "743bcd19709b777e.txt",
      "type" : "text/plain",
      "size" : 344
    }, {
      "uid" : "e4e6ee96d67bc24b",
      "name" : "stderr",
      "source" : "e4e6ee96d67bc24b.txt",
      "type" : "text/plain",
      "size" : 215
    } ],
    "parameters" : [ ],
    "stepsCount" : 0,
    "attachmentsCount" : 2,
    "shouldDisplayMessage" : true,
    "hasContent" : true
  },
  "afterStages" : [ ],
  "labels" : [ {
    "name" : "parentSuite",
    "value" : "test"
  }, {
    "name" : "suite",
    "value" : "test_TC06_AdatsorozatFile"
  }, {
    "name" : "subSuite",
    "value" : "TestFileUpload"
  }, {
    "name" : "host",
    "value" : "fv-az83-116"
  }, {
    "name" : "thread",
    "value" : "3947-MainThread"
  }, {
    "name" : "framework",
    "value" : "pytest"
  }, {
    "name" : "language",
    "value" : "cpython3"
  }, {
    "name" : "package",
    "value" : "test.test_TC06_AdatsorozatFile"
  }, {
    "name" : "resultFormat",
    "value" : "allure2"
  } ],
  "parameters" : [ ],
  "links" : [ ],
  "hidden" : false,
  "retry" : false,
  "extra" : {
    "severity" : "normal",
    "retries" : [ ],
    "categories" : [ {
      "name" : "Test defects",
      "matchedStatuses" : [ ],
      "flaky" : false
    } ],
    "tags" : [ ]
  },
  "source" : "3a646cb32f8406a4.json",
  "parameterValues" : [ ]
}