{
  "uid" : "9c69afe19dd49bab",
  "name" : "test_registration",
  "fullName" : "test.test_TC02_Regisztracio.TestRegistrationConduit#test_registration",
  "historyId" : "bb6b4ffb1236d9fc1c2dd35ceb784dcc",
  "time" : {
    "start" : 1628708403817,
    "stop" : 1628708424370,
    "duration" : 20553
  },
  "status" : "broken",
  "statusMessage" : "selenium.common.exceptions.TimeoutException: Message:",
  "statusTrace" : "self = <test_TC02_Regisztracio.TestRegistrationConduit object at 0x7f2ae75c7e80>\n\n    def test_registration(self):\n    \n        username = 'A'.join(random.choices(string.ascii_lowercase + string.digits, k=6))\n        email = f'{username}@gmail.com'\n        self.driver.find_element_by_xpath('/html/body//a[contains(@href,\"register\")]').click()\n        self.driver.find_element_by_xpath('//input[@placeholder=\"Username\"]').send_keys('A111')\n        self.driver.find_element_by_xpath('//input[@placeholder=\"Email\"]').send_keys(email)\n        self.driver.find_element_by_xpath('//input[@placeholder=\"Password\"]').send_keys('Tananiko-11')\n        self.driver.find_element_by_xpath('//button[normalize-space()=\"Sign up\"]').click()\n    \n>       WebDriverWait(\n            self.driver, 20).until(\n            EC.visibility_of_element_located((By.XPATH, \"//button[normalize-space()='OK']\"))\n        )\n\ntest/test_TC02_Regisztracio.py:35: \n_ _ _ _ _ _ _ _ _ _ _ _ _ _ _ _ _ _ _ _ _ _ _ _ _ _ _ _ _ _ _ _ _ _ _ _ _ _ _ _ \n\nself = <selenium.webdriver.support.wait.WebDriverWait (session=\"01ca68560680e01725825fb84bc1bbe0\")>\nmethod = <selenium.webdriver.support.expected_conditions.visibility_of_element_located object at 0x7f2ae75cd880>\nmessage = ''\n\n    def until(self, method, message=''):\n        \"\"\"Calls the method provided with the driver as an argument until the \\\n        return value is not False.\"\"\"\n        screen = None\n        stacktrace = None\n    \n        end_time = time.time() + self._timeout\n        while True:\n            try:\n                value = method(self._driver)\n                if value:\n                    return value\n            except self._ignored_exceptions as exc:\n                screen = getattr(exc, 'screen', None)\n                stacktrace = getattr(exc, 'stacktrace', None)\n            time.sleep(self._poll)\n            if time.time() > end_time:\n                break\n>       raise TimeoutException(message, screen, stacktrace)\nE       selenium.common.exceptions.TimeoutException: Message:\n\n/opt/hostedtoolcache/Python/3.9.5/x64/lib/python3.9/site-packages/selenium/webdriver/support/wait.py:80: TimeoutException",
  "flaky" : false,
  "newFailed" : false,
  "beforeStages" : [ ],
  "testStage" : {
    "status" : "broken",
    "statusMessage" : "selenium.common.exceptions.TimeoutException: Message:",
    "statusTrace" : "self = <test_TC02_Regisztracio.TestRegistrationConduit object at 0x7f2ae75c7e80>\n\n    def test_registration(self):\n    \n        username = 'A'.join(random.choices(string.ascii_lowercase + string.digits, k=6))\n        email = f'{username}@gmail.com'\n        self.driver.find_element_by_xpath('/html/body//a[contains(@href,\"register\")]').click()\n        self.driver.find_element_by_xpath('//input[@placeholder=\"Username\"]').send_keys('A111')\n        self.driver.find_element_by_xpath('//input[@placeholder=\"Email\"]').send_keys(email)\n        self.driver.find_element_by_xpath('//input[@placeholder=\"Password\"]').send_keys('Tananiko-11')\n        self.driver.find_element_by_xpath('//button[normalize-space()=\"Sign up\"]').click()\n    \n>       WebDriverWait(\n            self.driver, 20).until(\n            EC.visibility_of_element_located((By.XPATH, \"//button[normalize-space()='OK']\"))\n        )\n\ntest/test_TC02_Regisztracio.py:35: \n_ _ _ _ _ _ _ _ _ _ _ _ _ _ _ _ _ _ _ _ _ _ _ _ _ _ _ _ _ _ _ _ _ _ _ _ _ _ _ _ \n\nself = <selenium.webdriver.support.wait.WebDriverWait (session=\"01ca68560680e01725825fb84bc1bbe0\")>\nmethod = <selenium.webdriver.support.expected_conditions.visibility_of_element_located object at 0x7f2ae75cd880>\nmessage = ''\n\n    def until(self, method, message=''):\n        \"\"\"Calls the method provided with the driver as an argument until the \\\n        return value is not False.\"\"\"\n        screen = None\n        stacktrace = None\n    \n        end_time = time.time() + self._timeout\n        while True:\n            try:\n                value = method(self._driver)\n                if value:\n                    return value\n            except self._ignored_exceptions as exc:\n                screen = getattr(exc, 'screen', None)\n                stacktrace = getattr(exc, 'stacktrace', None)\n            time.sleep(self._poll)\n            if time.time() > end_time:\n                break\n>       raise TimeoutException(message, screen, stacktrace)\nE       selenium.common.exceptions.TimeoutException: Message:\n\n/opt/hostedtoolcache/Python/3.9.5/x64/lib/python3.9/site-packages/selenium/webdriver/support/wait.py:80: TimeoutException",
    "steps" : [ ],
    "attachments" : [ {
      "uid" : "10b39c06faa65c2",
      "name" : "log",
      "source" : "10b39c06faa65c2.txt",
      "type" : "text/plain",
      "size" : 344
    }, {
      "uid" : "aee7531cd16051dd",
      "name" : "stderr",
      "source" : "aee7531cd16051dd.txt",
      "type" : "text/plain",
      "size" : 215
    } ],
    "parameters" : [ ],
    "stepsCount" : 0,
    "attachmentsCount" : 2,
    "shouldDisplayMessage" : true,
    "hasContent" : true
  },
  "afterStages" : [ ],
  "labels" : [ {
    "name" : "parentSuite",
    "value" : "test"
  }, {
    "name" : "suite",
    "value" : "test_TC02_Regisztracio"
  }, {
    "name" : "subSuite",
    "value" : "TestRegistrationConduit"
  }, {
    "name" : "host",
    "value" : "fv-az47-289"
  }, {
    "name" : "thread",
    "value" : "3798-MainThread"
  }, {
    "name" : "framework",
    "value" : "pytest"
  }, {
    "name" : "language",
    "value" : "cpython3"
  }, {
    "name" : "package",
    "value" : "test.test_TC02_Regisztracio"
  }, {
    "name" : "resultFormat",
    "value" : "allure2"
  } ],
  "parameters" : [ ],
  "links" : [ ],
  "hidden" : false,
  "retry" : false,
  "extra" : {
    "severity" : "normal",
    "retries" : [ ],
    "categories" : [ {
      "name" : "Test defects",
      "matchedStatuses" : [ ],
      "flaky" : false
    } ],
    "tags" : [ ]
  },
  "source" : "9c69afe19dd49bab.json",
  "parameterValues" : [ ]
}