{
  "uid" : "52e0071011c2f1c6",
  "name" : "test_navigate_to_logout",
  "fullName" : "test.test_TC11_FelhasznaloiKilepes.TestLogoutConduit#test_navigate_to_logout",
  "historyId" : "2e8ee943261f557bd2b7f66817256d49",
  "time" : {
    "start" : 1628799763815,
    "stop" : 1628799795583,
    "duration" : 31768
  },
  "status" : "broken",
  "statusMessage" : "selenium.common.exceptions.TimeoutException: Message:",
  "statusTrace" : "self = <test_TC11_FelhasznaloiKilepes.TestLogoutConduit object at 0x7f1bb99ab880>\n\n    def test_navigate_to_logout(self):\n        conduit_login(self.driver)\n        WebDriverWait(\n            self.driver, 30)\n    \n        nav_list = self.driver.find_elements_by_css_selector('a.nav-link')\n        WebDriverWait(\n            self.driver, 15).until(\n            EC.element_to_be_clickable((By.XPATH, '//a[@active-class=\"active\"]'))\n        )\n        logout_button = self.driver.find_element_by_xpath('//a[@active-class=\"active\"]')\n        logout_button.click()\n>       WebDriverWait(\n            self.driver, 30).until(\n            EC.element_to_be_clickable((By.XPATH, '//a[@href=\"#/login\"]'))\n        )\n\ntest/test_TC11_FelhasznaloiKilepes.py:38: \n_ _ _ _ _ _ _ _ _ _ _ _ _ _ _ _ _ _ _ _ _ _ _ _ _ _ _ _ _ _ _ _ _ _ _ _ _ _ _ _ \n\nself = <selenium.webdriver.support.wait.WebDriverWait (session=\"e0ffadd09ed5d67627362c4b16cf4faa\")>\nmethod = <selenium.webdriver.support.expected_conditions.element_to_be_clickable object at 0x7f1bb99ab490>\nmessage = ''\n\n    def until(self, method, message=''):\n        \"\"\"Calls the method provided with the driver as an argument until the \\\n        return value is not False.\"\"\"\n        screen = None\n        stacktrace = None\n    \n        end_time = time.time() + self._timeout\n        while True:\n            try:\n                value = method(self._driver)\n                if value:\n                    return value\n            except self._ignored_exceptions as exc:\n                screen = getattr(exc, 'screen', None)\n                stacktrace = getattr(exc, 'stacktrace', None)\n            time.sleep(self._poll)\n            if time.time() > end_time:\n                break\n>       raise TimeoutException(message, screen, stacktrace)\nE       selenium.common.exceptions.TimeoutException: Message:\n\n/opt/hostedtoolcache/Python/3.9.5/x64/lib/python3.9/site-packages/selenium/webdriver/support/wait.py:80: TimeoutException",
  "flaky" : false,
  "newFailed" : false,
  "beforeStages" : [ ],
  "testStage" : {
    "status" : "broken",
    "statusMessage" : "selenium.common.exceptions.TimeoutException: Message:",
    "statusTrace" : "self = <test_TC11_FelhasznaloiKilepes.TestLogoutConduit object at 0x7f1bb99ab880>\n\n    def test_navigate_to_logout(self):\n        conduit_login(self.driver)\n        WebDriverWait(\n            self.driver, 30)\n    \n        nav_list = self.driver.find_elements_by_css_selector('a.nav-link')\n        WebDriverWait(\n            self.driver, 15).until(\n            EC.element_to_be_clickable((By.XPATH, '//a[@active-class=\"active\"]'))\n        )\n        logout_button = self.driver.find_element_by_xpath('//a[@active-class=\"active\"]')\n        logout_button.click()\n>       WebDriverWait(\n            self.driver, 30).until(\n            EC.element_to_be_clickable((By.XPATH, '//a[@href=\"#/login\"]'))\n        )\n\ntest/test_TC11_FelhasznaloiKilepes.py:38: \n_ _ _ _ _ _ _ _ _ _ _ _ _ _ _ _ _ _ _ _ _ _ _ _ _ _ _ _ _ _ _ _ _ _ _ _ _ _ _ _ \n\nself = <selenium.webdriver.support.wait.WebDriverWait (session=\"e0ffadd09ed5d67627362c4b16cf4faa\")>\nmethod = <selenium.webdriver.support.expected_conditions.element_to_be_clickable object at 0x7f1bb99ab490>\nmessage = ''\n\n    def until(self, method, message=''):\n        \"\"\"Calls the method provided with the driver as an argument until the \\\n        return value is not False.\"\"\"\n        screen = None\n        stacktrace = None\n    \n        end_time = time.time() + self._timeout\n        while True:\n            try:\n                value = method(self._driver)\n                if value:\n                    return value\n            except self._ignored_exceptions as exc:\n                screen = getattr(exc, 'screen', None)\n                stacktrace = getattr(exc, 'stacktrace', None)\n            time.sleep(self._poll)\n            if time.time() > end_time:\n                break\n>       raise TimeoutException(message, screen, stacktrace)\nE       selenium.common.exceptions.TimeoutException: Message:\n\n/opt/hostedtoolcache/Python/3.9.5/x64/lib/python3.9/site-packages/selenium/webdriver/support/wait.py:80: TimeoutException",
    "steps" : [ ],
    "attachments" : [ {
      "uid" : "f9bd2a2eed624a64",
      "name" : "log",
      "source" : "f9bd2a2eed624a64.txt",
      "type" : "text/plain",
      "size" : 344
    }, {
      "uid" : "bb1c3e795e834e39",
      "name" : "stderr",
      "source" : "bb1c3e795e834e39.txt",
      "type" : "text/plain",
      "size" : 215
    } ],
    "parameters" : [ ],
    "stepsCount" : 0,
    "attachmentsCount" : 2,
    "shouldDisplayMessage" : true,
    "hasContent" : true
  },
  "afterStages" : [ ],
  "labels" : [ {
    "name" : "parentSuite",
    "value" : "test"
  }, {
    "name" : "suite",
    "value" : "test_TC11_FelhasznaloiKilepes"
  }, {
    "name" : "subSuite",
    "value" : "TestLogoutConduit"
  }, {
    "name" : "host",
    "value" : "fv-az39-548"
  }, {
    "name" : "thread",
    "value" : "3735-MainThread"
  }, {
    "name" : "framework",
    "value" : "pytest"
  }, {
    "name" : "language",
    "value" : "cpython3"
  }, {
    "name" : "package",
    "value" : "test.test_TC11_FelhasznaloiKilepes"
  }, {
    "name" : "resultFormat",
    "value" : "allure2"
  } ],
  "parameters" : [ ],
  "links" : [ ],
  "hidden" : false,
  "retry" : false,
  "extra" : {
    "severity" : "normal",
    "retries" : [ ],
    "categories" : [ {
      "name" : "Test defects",
      "matchedStatuses" : [ ],
      "flaky" : false
    } ],
    "tags" : [ ]
  },
  "source" : "52e0071011c2f1c6.json",
  "parameterValues" : [ ]
}