{
  "uid" : "63b0cbcbc52f834c",
  "name" : "test_registration",
  "fullName" : "test.test_TC02_Regisztracio.TestRegistrationConduit#test_registration",
  "historyId" : "bb6b4ffb1236d9fc1c2dd35ceb784dcc",
  "time" : {
    "start" : 1628539475471,
    "stop" : 1628539476832,
    "duration" : 1361
  },
  "status" : "failed",
  "statusMessage" : "AssertionError: assert 'Email already taken.' == 'Your registr...s successful!'\n  - Your registration was successful!\n  + Email already taken.",
  "statusTrace" : "self = <test_TC02_Regisztracio.TestRegistrationConduit object at 0x7fcea16402b0>\n\n    def test_registration(self):\n    \n        alphabet = string.ascii_lowercase\n        email = 'A'.join((secrets.choice(alphabet) for i in range(5))).join(\"@gmail.com\")\n        self.driver.find_element_by_xpath('/html/body//a[contains(@href,\"register\")]').click()\n        self.driver.find_element_by_xpath('//input[@placeholder=\"Username\"]').send_keys(\"A11\")\n        self.driver.find_element_by_xpath('//input[@placeholder=\"Email\"]').send_keys(\"A11111@gmail.com\")\n        self.driver.find_element_by_xpath('//input[@placeholder=\"Password\"]').send_keys(\"Tananiko-11\")\n        self.driver.find_element_by_xpath('//button[normalize-space()=\"Sign up\"]').click()\n    \n        WebDriverWait(\n            self.driver, 20).until(\n            EC.visibility_of_element_located((By.XPATH, \"//button[normalize-space()='OK']\"))\n        )\n    \n        welcome = self.driver.find_element_by_xpath(\"//div[@class= 'swal-text']\")\n>       assert welcome.text == \"Your registration was successful!\"\nE       AssertionError: assert 'Email already taken.' == 'Your registr...s successful!'\nE         - Your registration was successful!\nE         + Email already taken.\n\ntest/test_TC02_Regisztracio.py:41: AssertionError",
  "flaky" : false,
  "newFailed" : false,
  "beforeStages" : [ ],
  "testStage" : {
    "status" : "failed",
    "statusMessage" : "AssertionError: assert 'Email already taken.' == 'Your registr...s successful!'\n  - Your registration was successful!\n  + Email already taken.",
    "statusTrace" : "self = <test_TC02_Regisztracio.TestRegistrationConduit object at 0x7fcea16402b0>\n\n    def test_registration(self):\n    \n        alphabet = string.ascii_lowercase\n        email = 'A'.join((secrets.choice(alphabet) for i in range(5))).join(\"@gmail.com\")\n        self.driver.find_element_by_xpath('/html/body//a[contains(@href,\"register\")]').click()\n        self.driver.find_element_by_xpath('//input[@placeholder=\"Username\"]').send_keys(\"A11\")\n        self.driver.find_element_by_xpath('//input[@placeholder=\"Email\"]').send_keys(\"A11111@gmail.com\")\n        self.driver.find_element_by_xpath('//input[@placeholder=\"Password\"]').send_keys(\"Tananiko-11\")\n        self.driver.find_element_by_xpath('//button[normalize-space()=\"Sign up\"]').click()\n    \n        WebDriverWait(\n            self.driver, 20).until(\n            EC.visibility_of_element_located((By.XPATH, \"//button[normalize-space()='OK']\"))\n        )\n    \n        welcome = self.driver.find_element_by_xpath(\"//div[@class= 'swal-text']\")\n>       assert welcome.text == \"Your registration was successful!\"\nE       AssertionError: assert 'Email already taken.' == 'Your registr...s successful!'\nE         - Your registration was successful!\nE         + Email already taken.\n\ntest/test_TC02_Regisztracio.py:41: AssertionError",
    "steps" : [ ],
    "attachments" : [ {
      "uid" : "c24d160ec752ed05",
      "name" : "log",
      "source" : "c24d160ec752ed05.txt",
      "type" : "text/plain",
      "size" : 344
    }, {
      "uid" : "44ec735ec4fd341d",
      "name" : "stderr",
      "source" : "44ec735ec4fd341d.txt",
      "type" : "text/plain",
      "size" : 215
    } ],
    "parameters" : [ ],
    "stepsCount" : 0,
    "attachmentsCount" : 2,
    "shouldDisplayMessage" : true,
    "hasContent" : true
  },
  "afterStages" : [ ],
  "labels" : [ {
    "name" : "parentSuite",
    "value" : "test"
  }, {
    "name" : "suite",
    "value" : "test_TC02_Regisztracio"
  }, {
    "name" : "subSuite",
    "value" : "TestRegistrationConduit"
  }, {
    "name" : "host",
    "value" : "fv-az47-991"
  }, {
    "name" : "thread",
    "value" : "3687-MainThread"
  }, {
    "name" : "framework",
    "value" : "pytest"
  }, {
    "name" : "language",
    "value" : "cpython3"
  }, {
    "name" : "package",
    "value" : "test.test_TC02_Regisztracio"
  }, {
    "name" : "resultFormat",
    "value" : "allure2"
  } ],
  "parameters" : [ ],
  "links" : [ ],
  "hidden" : false,
  "retry" : false,
  "extra" : {
    "severity" : "normal",
    "retries" : [ ],
    "categories" : [ {
      "name" : "Product defects",
      "matchedStatuses" : [ ],
      "flaky" : false
    } ],
    "tags" : [ ]
  },
  "source" : "63b0cbcbc52f834c.json",
  "parameterValues" : [ ]
}