{
  "uid" : "7fd5a9a881f63cb5",
  "name" : "test_navigate_to_logout",
  "fullName" : "test.test_TC11_FelhasznaloiKilepes.TestLogoutConduit#test_navigate_to_logout",
  "historyId" : "2e8ee943261f557bd2b7f66817256d49",
  "time" : {
    "start" : 1628539583938,
    "stop" : 1628539633981,
    "duration" : 50043
  },
  "status" : "broken",
  "statusMessage" : "selenium.common.exceptions.TimeoutException: Message:",
  "statusTrace" : "self = <test_TC11_FelhasznaloiKilepes.TestLogoutConduit object at 0x7fcea168e0d0>\n\n    def test_navigate_to_logout(self):\n    \n        nav_list = self.driver.find_elements_by_css_selector('a.nav-link')\n>       WebDriverWait(\n            self.driver, 50).until(\n            EC.visibility_of_element_located((By.XPATH, \"//a[@active-class='active']\"))\n        )\n\ntest/test_TC11_FelhasznaloiKilepes.py:43: \n_ _ _ _ _ _ _ _ _ _ _ _ _ _ _ _ _ _ _ _ _ _ _ _ _ _ _ _ _ _ _ _ _ _ _ _ _ _ _ _ \n\nself = <selenium.webdriver.support.wait.WebDriverWait (session=\"36c1295fef94c57eedf400b3968590b3\")>\nmethod = <selenium.webdriver.support.expected_conditions.visibility_of_element_located object at 0x7fcea1522160>\nmessage = ''\n\n    def until(self, method, message=''):\n        \"\"\"Calls the method provided with the driver as an argument until the \\\n        return value is not False.\"\"\"\n        screen = None\n        stacktrace = None\n    \n        end_time = time.time() + self._timeout\n        while True:\n            try:\n                value = method(self._driver)\n                if value:\n                    return value\n            except self._ignored_exceptions as exc:\n                screen = getattr(exc, 'screen', None)\n                stacktrace = getattr(exc, 'stacktrace', None)\n            time.sleep(self._poll)\n            if time.time() > end_time:\n                break\n>       raise TimeoutException(message, screen, stacktrace)\nE       selenium.common.exceptions.TimeoutException: Message:\n\n/opt/hostedtoolcache/Python/3.9.5/x64/lib/python3.9/site-packages/selenium/webdriver/support/wait.py:80: TimeoutException",
  "flaky" : false,
  "newFailed" : false,
  "beforeStages" : [ ],
  "testStage" : {
    "status" : "broken",
    "statusMessage" : "selenium.common.exceptions.TimeoutException: Message:",
    "statusTrace" : "self = <test_TC11_FelhasznaloiKilepes.TestLogoutConduit object at 0x7fcea168e0d0>\n\n    def test_navigate_to_logout(self):\n    \n        nav_list = self.driver.find_elements_by_css_selector('a.nav-link')\n>       WebDriverWait(\n            self.driver, 50).until(\n            EC.visibility_of_element_located((By.XPATH, \"//a[@active-class='active']\"))\n        )\n\ntest/test_TC11_FelhasznaloiKilepes.py:43: \n_ _ _ _ _ _ _ _ _ _ _ _ _ _ _ _ _ _ _ _ _ _ _ _ _ _ _ _ _ _ _ _ _ _ _ _ _ _ _ _ \n\nself = <selenium.webdriver.support.wait.WebDriverWait (session=\"36c1295fef94c57eedf400b3968590b3\")>\nmethod = <selenium.webdriver.support.expected_conditions.visibility_of_element_located object at 0x7fcea1522160>\nmessage = ''\n\n    def until(self, method, message=''):\n        \"\"\"Calls the method provided with the driver as an argument until the \\\n        return value is not False.\"\"\"\n        screen = None\n        stacktrace = None\n    \n        end_time = time.time() + self._timeout\n        while True:\n            try:\n                value = method(self._driver)\n                if value:\n                    return value\n            except self._ignored_exceptions as exc:\n                screen = getattr(exc, 'screen', None)\n                stacktrace = getattr(exc, 'stacktrace', None)\n            time.sleep(self._poll)\n            if time.time() > end_time:\n                break\n>       raise TimeoutException(message, screen, stacktrace)\nE       selenium.common.exceptions.TimeoutException: Message:\n\n/opt/hostedtoolcache/Python/3.9.5/x64/lib/python3.9/site-packages/selenium/webdriver/support/wait.py:80: TimeoutException",
    "steps" : [ ],
    "attachments" : [ {
      "uid" : "35f07147fe6ee93b",
      "name" : "log",
      "source" : "35f07147fe6ee93b.txt",
      "type" : "text/plain",
      "size" : 344
    }, {
      "uid" : "45cf47addcb8b0fa",
      "name" : "stderr",
      "source" : "45cf47addcb8b0fa.txt",
      "type" : "text/plain",
      "size" : 215
    } ],
    "parameters" : [ ],
    "stepsCount" : 0,
    "attachmentsCount" : 2,
    "shouldDisplayMessage" : true,
    "hasContent" : true
  },
  "afterStages" : [ ],
  "labels" : [ {
    "name" : "parentSuite",
    "value" : "test"
  }, {
    "name" : "suite",
    "value" : "test_TC11_FelhasznaloiKilepes"
  }, {
    "name" : "subSuite",
    "value" : "TestLogoutConduit"
  }, {
    "name" : "host",
    "value" : "fv-az47-991"
  }, {
    "name" : "thread",
    "value" : "3687-MainThread"
  }, {
    "name" : "framework",
    "value" : "pytest"
  }, {
    "name" : "language",
    "value" : "cpython3"
  }, {
    "name" : "package",
    "value" : "test.test_TC11_FelhasznaloiKilepes"
  }, {
    "name" : "resultFormat",
    "value" : "allure2"
  } ],
  "parameters" : [ ],
  "links" : [ ],
  "hidden" : false,
  "retry" : false,
  "extra" : {
    "severity" : "normal",
    "retries" : [ ],
    "categories" : [ {
      "name" : "Test defects",
      "matchedStatuses" : [ ],
      "flaky" : false
    } ],
    "tags" : [ ]
  },
  "source" : "7fd5a9a881f63cb5.json",
  "parameterValues" : [ ]
}