{
  "uid" : "255f84415aff93c8",
  "name" : "test_delete_own_article",
  "fullName" : "test.test_TC09_SajatCikkTorles.TestDeleteBlogPost#test_delete_own_article",
  "historyId" : "cbbb51b42ba52be90ce5373155ba80b9",
  "time" : {
    "start" : 1628663145342,
    "stop" : 1628663195384,
    "duration" : 50042
  },
  "status" : "broken",
  "statusMessage" : "selenium.common.exceptions.TimeoutException: Message:",
  "statusTrace" : "self = <test_TC09_SajatCikkTorles.TestDeleteBlogPost object at 0x7fd97a211730>\n\n    def test_delete_own_article(self):\n>       WebDriverWait(\n            self.driver, 50).until(\n            EC.visibility_of_element_located((By.XPATH, \"//button[@class='btn btn-outline-danger btn-sm']//span[1]\"))\n        )\n\ntest/test_TC09_SajatCikkTorles.py:78: \n_ _ _ _ _ _ _ _ _ _ _ _ _ _ _ _ _ _ _ _ _ _ _ _ _ _ _ _ _ _ _ _ _ _ _ _ _ _ _ _ \n\nself = <selenium.webdriver.support.wait.WebDriverWait (session=\"1c489ca60046c3932aec2d5f6638bf09\")>\nmethod = <selenium.webdriver.support.expected_conditions.visibility_of_element_located object at 0x7fd97a303d90>\nmessage = ''\n\n    def until(self, method, message=''):\n        \"\"\"Calls the method provided with the driver as an argument until the \\\n        return value is not False.\"\"\"\n        screen = None\n        stacktrace = None\n    \n        end_time = time.time() + self._timeout\n        while True:\n            try:\n                value = method(self._driver)\n                if value:\n                    return value\n            except self._ignored_exceptions as exc:\n                screen = getattr(exc, 'screen', None)\n                stacktrace = getattr(exc, 'stacktrace', None)\n            time.sleep(self._poll)\n            if time.time() > end_time:\n                break\n>       raise TimeoutException(message, screen, stacktrace)\nE       selenium.common.exceptions.TimeoutException: Message:\n\n/opt/hostedtoolcache/Python/3.9.5/x64/lib/python3.9/site-packages/selenium/webdriver/support/wait.py:80: TimeoutException",
  "flaky" : false,
  "newFailed" : false,
  "beforeStages" : [ ],
  "testStage" : {
    "status" : "broken",
    "statusMessage" : "selenium.common.exceptions.TimeoutException: Message:",
    "statusTrace" : "self = <test_TC09_SajatCikkTorles.TestDeleteBlogPost object at 0x7fd97a211730>\n\n    def test_delete_own_article(self):\n>       WebDriverWait(\n            self.driver, 50).until(\n            EC.visibility_of_element_located((By.XPATH, \"//button[@class='btn btn-outline-danger btn-sm']//span[1]\"))\n        )\n\ntest/test_TC09_SajatCikkTorles.py:78: \n_ _ _ _ _ _ _ _ _ _ _ _ _ _ _ _ _ _ _ _ _ _ _ _ _ _ _ _ _ _ _ _ _ _ _ _ _ _ _ _ \n\nself = <selenium.webdriver.support.wait.WebDriverWait (session=\"1c489ca60046c3932aec2d5f6638bf09\")>\nmethod = <selenium.webdriver.support.expected_conditions.visibility_of_element_located object at 0x7fd97a303d90>\nmessage = ''\n\n    def until(self, method, message=''):\n        \"\"\"Calls the method provided with the driver as an argument until the \\\n        return value is not False.\"\"\"\n        screen = None\n        stacktrace = None\n    \n        end_time = time.time() + self._timeout\n        while True:\n            try:\n                value = method(self._driver)\n                if value:\n                    return value\n            except self._ignored_exceptions as exc:\n                screen = getattr(exc, 'screen', None)\n                stacktrace = getattr(exc, 'stacktrace', None)\n            time.sleep(self._poll)\n            if time.time() > end_time:\n                break\n>       raise TimeoutException(message, screen, stacktrace)\nE       selenium.common.exceptions.TimeoutException: Message:\n\n/opt/hostedtoolcache/Python/3.9.5/x64/lib/python3.9/site-packages/selenium/webdriver/support/wait.py:80: TimeoutException",
    "steps" : [ ],
    "attachments" : [ {
      "uid" : "4fcb8d518f8e2196",
      "name" : "log",
      "source" : "4fcb8d518f8e2196.txt",
      "type" : "text/plain",
      "size" : 344
    }, {
      "uid" : "cf8a1f9738835cdb",
      "name" : "stderr",
      "source" : "cf8a1f9738835cdb.txt",
      "type" : "text/plain",
      "size" : 215
    } ],
    "parameters" : [ ],
    "stepsCount" : 0,
    "attachmentsCount" : 2,
    "shouldDisplayMessage" : true,
    "hasContent" : true
  },
  "afterStages" : [ ],
  "labels" : [ {
    "name" : "parentSuite",
    "value" : "test"
  }, {
    "name" : "suite",
    "value" : "test_TC09_SajatCikkTorles"
  }, {
    "name" : "subSuite",
    "value" : "TestDeleteBlogPost"
  }, {
    "name" : "host",
    "value" : "fv-az72-672"
  }, {
    "name" : "thread",
    "value" : "3864-MainThread"
  }, {
    "name" : "framework",
    "value" : "pytest"
  }, {
    "name" : "language",
    "value" : "cpython3"
  }, {
    "name" : "package",
    "value" : "test.test_TC09_SajatCikkTorles"
  }, {
    "name" : "resultFormat",
    "value" : "allure2"
  } ],
  "parameters" : [ ],
  "links" : [ ],
  "hidden" : false,
  "retry" : false,
  "extra" : {
    "severity" : "normal",
    "retries" : [ ],
    "categories" : [ {
      "name" : "Test defects",
      "matchedStatuses" : [ ],
      "flaky" : false
    } ],
    "tags" : [ ]
  },
  "source" : "255f84415aff93c8.json",
  "parameterValues" : [ ]
}